<?xml version="1.0" encoding="UTF-8"?>
<!-- Generated by org.testng.reporters.JUnitXMLReporter -->
<testsuite ignored="0" hostname="IB-Pune-LAP-200" failures="0" tests="3" name="Test" time="7.861" errors="0" timestamp="2022-12-09T14:22:32 IST">
  <testcase classname="apiTestCases.CrudTestUsingPOJO" name="AddPlaceApi" time="6.593"/>
  <testcase classname="apiTestCases.CrudTestUsingPOJO" name="ExtractPlaceApi" time="0.524"/>
  <testcase classname="apiTestCases.CrudTestUsingPOJO" name="DeletePlaceApi" time="0.693"/>
</testsuite> <!-- Test -->
