<?xml version="1.0" encoding="UTF-8"?>
<!-- Generated by org.testng.reporters.JUnitXMLReporter -->
<testsuite ignored="0" hostname="IB-Pune-LAP-200" failures="0" tests="4" name="Test" time="4.527" errors="0" timestamp="2022-11-22T12:08:21 IST">
  <testcase classname="library.CRUDBookApi" name="AddBookApi" time="2.895"/>
  <testcase classname="library.CRUDBookApi" name="GetBookByID" time="0.839"/>
  <testcase classname="library.CRUDBookApi" name="GetBookByAuthor" time="0.169"/>
  <testcase classname="library.CRUDBookApi" name="DeleteBookApi" time="0.117"/>
</testsuite> <!-- Test -->
