<?xml version="1.0" encoding="UTF-8"?>
<!-- Generated by org.testng.reporters.JUnitXMLReporter -->
<testsuite ignored="0" hostname="IB-Pune-LAP-200" failures="0" tests="4" name="Default test" time="5.241" errors="0" timestamp="2022-12-02T16:23:46 IST">
  <testcase classname="library.CRUDBookApi" name="AddBookApi" time="3.92"/>
  <testcase classname="library.CRUDBookApi" name="GetBookByID" time="0.18"/>
  <testcase classname="library.CRUDBookApi" name="GetBookByAuthor" time="0.132"/>
  <testcase classname="library.CRUDBookApi" name="DeleteBookApi" time="0.125"/>
</testsuite> <!-- Default test -->
