<?xml version="1.0" encoding="UTF-8"?>
<testng-results ignored="0" total="1" passed="1" failed="0" skipped="0">
  <reporter-output>
  </reporter-output>
  <suite started-at="2022-11-22T14:06:55 IST" name="Default suite" finished-at="2022-11-22T14:06:59 IST" duration-ms="3991">
    <groups>
    </groups>
    <test started-at="2022-11-22T14:06:55 IST" name="Default test" finished-at="2022-11-22T14:06:59 IST" duration-ms="3991">
      <class name="automationFramework.DataProviderTest">
        <test-method signature="test(java.lang.String,java.lang.String)[pri:0, instance:automationFramework.DataProviderTest@b9b00e0]" started-at="2022-11-22T14:06:55 IST" name="test" data-provider="Authentication" finished-at="2022-11-22T14:06:59 IST" duration-ms="3943" status="PASS">
          <params>
            <param index="0">
              <value>
                <![CDATA[qqq@yopmail.com]]>
              </value>
            </param>
            <param index="1">
              <value>
                <![CDATA[A12345678a]]>
              </value>
            </param>
          </params>
          <reporter-output>
          </reporter-output>
        </test-method> <!-- test -->
      </class> <!-- automationFramework.DataProviderTest -->
    </test> <!-- Default test -->
  </suite> <!-- Default suite -->
</testng-results>
