<?xml version="1.0" encoding="UTF-8"?>
<!-- Generated by org.testng.reporters.JUnitXMLReporter -->
<testsuite ignored="0" hostname="IB-Pune-LAP-200" failures="0" tests="5" name="Test" time="4.164" errors="0" timestamp="2022-07-21T12:41:15 IST">
  <testcase classname="libraryApi.CRUDBookApi" name="AddBookApi" time="2.343"/>
  <testcase classname="libraryApi.CRUDBookApi" name="AddBookApi" time="0.284"/>
  <testcase classname="libraryApi.CRUDBookApi" name="GetBookByID" time="0.295"/>
  <testcase classname="libraryApi.CRUDBookApi" name="GetBookByAuthor" time="0.227"/>
  <testcase classname="libraryApi.CRUDBookApi" name="DeleteBookApi" time="0.211"/>
</testsuite> <!-- Test -->
